{"uuid":"943cc91f-c527-45d0-8a50-76295984c276","historyId":"3f3c29cdffe998addc83d4b998d8d139","testCaseId":"[engine:junit-jupiter]/[class:skillbox.VizaCentreTest]/[method:autherizationTest()]","testCaseName":"autherizationTest()","fullName":"skillbox.VizaCentreTest.autherizationTest","labels":[{"name":"junit.platform.uniqueid","value":"[engine:junit-jupiter]/[class:skillbox.VizaCentreTest]/[method:autherizationTest()]"},{"name":"host","value":"pc-zaustinsky"},{"name":"thread","value":"194388@pc-zaustinsky.Test worker(15)"},{"name":"framework","value":"junit-platform"},{"name":"language","value":"java"},{"name":"package","value":"skillbox.VizaCentreTest"},{"name":"testClass","value":"skillbox.VizaCentreTest"},{"name":"testMethod","value":"autherizationTest"},{"name":"suite","value":"skillbox.VizaCentreTest"}],"links":[],"name":"autherizationTest()","status":"failed","statusDetails":{"known":false,"muted":false,"flaky":false,"message":"Element not found {.row.no-gutters.justify-content-between.mt-20.ng-star-inserted div:nth-of-type(2) a}\r\nExpected: exist\r\nScreenshot: file:/D:/projects/Java/selenide/build/reports/tests/1708091604901.0.png\r\nPage source: file:/D:/projects/Java/selenide/build/reports/tests/1708091604901.0.html\r\nTimeout: 4 s.\r\nCaused by: NoSuchElementException: no such element: Unable to locate element: {\"method\":\"css selector\",\"selector\":\".row.no-gutters.justify-content-between.mt-20.ng-star-inserted div:nth-of-type(2) a\"}","trace":"Element not found {.row.no-gutters.justify-content-between.mt-20.ng-star-inserted div:nth-of-type(2) a}\r\nExpected: exist\r\nScreenshot: file:/D:/projects/Java/selenide/build/reports/tests/1708091604901.0.png\r\nPage source: file:/D:/projects/Java/selenide/build/reports/tests/1708091604901.0.html\r\nTimeout: 4 s.\r\nCaused by: NoSuchElementException: no such element: Unable to locate element: {\"method\":\"css selector\",\"selector\":\".row.no-gutters.justify-content-between.mt-20.ng-star-inserted div:nth-of-type(2) a\"}\r\n\tat com.codeborne.selenide.impl.WebElementSource.createElementNotFoundError(WebElementSource.java:91)\r\n\tat com.codeborne.selenide.impl.ElementFinder.createElementNotFoundError(ElementFinder.java:142)\r\n\tat com.codeborne.selenide.impl.ExceptionWrapper.wrap(ExceptionWrapper.java:32)\r\n\tat com.codeborne.selenide.impl.SelenideElementProxy.dispatchAndRetry(SelenideElementProxy.java:154)\r\n\tat com.codeborne.selenide.impl.SelenideElementProxy.invoke(SelenideElementProxy.java:84)\r\n\tat jdk.proxy3/jdk.proxy3.$Proxy16.scrollTo(Unknown Source)\r\n\tat skillbox.VizaCentreTest.autherizationTest(VizaCentreTest.java:33)\r\n\tat java.base/java.lang.reflect.Method.invoke(Method.java:567)\r\n\tat java.base/java.util.ArrayList.forEach(ArrayList.java:1511)\r\n\tat java.base/java.util.ArrayList.forEach(ArrayList.java:1511)\r\nCaused by: org.openqa.selenium.NoSuchElementException: no such element: Unable to locate element: {\"method\":\"css selector\",\"selector\":\".row.no-gutters.justify-content-between.mt-20.ng-star-inserted div:nth-of-type(2) a\"}\n  (Session info: chrome=120.0.6099.225)\nFor documentation on this error, please visit: https://www.selenium.dev/documentation/webdriver/troubleshooting/errors#no-such-element-exception\nBuild info: version: '4.11.0', revision: '040bc5406b'\nSystem info: os.name: 'Windows 10', os.arch: 'amd64', os.version: '10.0', java.version: '16.0.1'\nDriver info: org.openqa.selenium.chrome.ChromeDriver\nCommand: [e7a40aac8d37f8f0b088819c12ea5718, findElement {using=css selector, value=.row.no-gutters.justify-content-between.mt-20.ng-star-inserted div:nth-of-type(2) a}]\nCapabilities {acceptInsecureCerts: true, browserName: chrome, browserVersion: 120.0.6099.225, chrome: {chromedriverVersion: 120.0.6099.109 (3419140ab66..., userDataDir: C:\\Users\\ZAUSTI~1\\AppData\\L...}, fedcm:accounts: true, goog:chromeOptions: {debuggerAddress: localhost:49166}, networkConnectionEnabled: false, pageLoadStrategy: normal, platformName: windows, proxy: Proxy(), se:cdp: ws://localhost:49166/devtoo..., se:cdpVersion: 120.0.6099.225, setWindowRect: true, strictFileInteractability: false, timeouts: {implicit: 0, pageLoad: 300000, script: 30000}, unhandledPromptBehavior: accept, webauthn:extension:credBlob: true, webauthn:extension:largeBlob: true, webauthn:extension:minPinLength: true, webauthn:extension:prf: true, webauthn:virtualAuthenticators: true}\nSession ID: e7a40aac8d37f8f0b088819c12ea5718\r\n\tat jdk.internal.reflect.GeneratedConstructorAccessor11.newInstance(Unknown Source)\r\n\tat java.base/jdk.internal.reflect.DelegatingConstructorAccessorImpl.newInstance(DelegatingConstructorAccessorImpl.java:45)\r\n\tat java.base/java.lang.reflect.Constructor.newInstanceWithCaller(Constructor.java:499)\r\n\tat java.base/java.lang.reflect.Constructor.newInstance(Constructor.java:480)\r\n\tat org.openqa.selenium.remote.codec.w3c.W3CHttpResponseCodec.createException(W3CHttpResponseCodec.java:200)\r\n\tat org.openqa.selenium.remote.codec.w3c.W3CHttpResponseCodec.decode(W3CHttpResponseCodec.java:133)\r\n\tat org.openqa.selenium.remote.codec.w3c.W3CHttpResponseCodec.decode(W3CHttpResponseCodec.java:52)\r\n\tat org.openqa.selenium.remote.HttpCommandExecutor.execute(HttpCommandExecutor.java:191)\r\n\tat org.openqa.selenium.remote.service.DriverCommandExecutor.invokeExecute(DriverCommandExecutor.java:196)\r\n\tat org.openqa.selenium.remote.service.DriverCommandExecutor.execute(DriverCommandExecutor.java:171)\r\n\tat org.openqa.selenium.remote.RemoteWebDriver.execute(RemoteWebDriver.java:518)\r\n\tat org.openqa.selenium.remote.ElementLocation$ElementFinder$2.findElement(ElementLocation.java:165)\r\n\tat org.openqa.selenium.remote.ElementLocation.findElement(ElementLocation.java:59)\r\n\tat org.openqa.selenium.remote.RemoteWebDriver.findElement(RemoteWebDriver.java:355)\r\n\tat org.openqa.selenium.remote.RemoteWebDriver.findElement(RemoteWebDriver.java:349)\r\n\tat com.codeborne.selenide.impl.WebElementSelector.findElement(WebElementSelector.java:70)\r\n\tat com.codeborne.selenide.impl.WebElementSelector.findElement(WebElementSelector.java:44)\r\n\tat com.codeborne.selenide.impl.WebElementSelector.findElement(WebElementSelector.java:33)\r\n\tat com.codeborne.selenide.impl.ElementFinder.getWebElement(ElementFinder.java:122)\r\n\tat com.codeborne.selenide.commands.ScrollTo.execute(ScrollTo.java:17)\r\n\tat com.codeborne.selenide.commands.ScrollTo.execute(ScrollTo.java:12)\r\n\tat com.codeborne.selenide.commands.Commands.execute(Commands.java:163)\r\n\tat com.codeborne.selenide.impl.SelenideElementProxy.dispatchAndRetry(SelenideElementProxy.java:132)\r\n\t... 6 more\r\n"},"stage":"finished","description":"","steps":[],"attachments":[],"parameters":[],"start":1708091577966,"stop":1708091605089}