<?xml version="1.0" encoding="UTF-8"?>
<testsuite name="Тест заказа пиццы, регистрация пользователя, проверки введенной информации + тест 2-х фич" tests="3" skipped="0" failures="3" errors="0" timestamp="2024-02-20T14:47:06" hostname="PC-ZAUSTINSKY" time="48.141">
  <properties/>
  <testcase name="Фича проверки ввода данных скидочного купона несколько раз" classname="skillbox.FinalWork_Tests" time="28.379">
    <failure message="Element should not have text &quot;45,00₽&quot; {.cart-discount.coupon-givemehalyava .woocommerce-Price-amount.amount}&#13;&#10;Element: '&lt;span class=&quot;woocommerce-Price-amount amount&quot;&gt;45,00₽&lt;/span&gt;'&#13;&#10;Actual value: text=&quot;45,00₽&quot;&#13;&#10;Screenshot: file:/D:/projects/Java/selenide/build/reports/tests/1708440454190.0.png&#13;&#10;Page source: file:/D:/projects/Java/selenide/build/reports/tests/1708440454190.0.html&#13;&#10;Timeout: 4 s." type="com.codeborne.selenide.ex.ElementShouldNot">Element should not have text &quot;45,00₽&quot; {.cart-discount.coupon-givemehalyava .woocommerce-Price-amount.amount}
Element: '&lt;span class=&quot;woocommerce-Price-amount amount&quot;&gt;45,00₽&lt;/span&gt;'
Actual value: text=&quot;45,00₽&quot;
Screenshot: file:/D:/projects/Java/selenide/build/reports/tests/1708440454190.0.png
Page source: file:/D:/projects/Java/selenide/build/reports/tests/1708440454190.0.html
Timeout: 4 s.
	at com.codeborne.selenide.impl.WebElementSource.handleError(WebElementSource.java:146)
	at com.codeborne.selenide.impl.WebElementSource.checkConditionAndReturnElement(WebElementSource.java:127)
	at com.codeborne.selenide.impl.WebElementSource.checkCondition(WebElementSource.java:104)
	at com.codeborne.selenide.commands.ShouldNot.execute(ShouldNot.java:30)
	at com.codeborne.selenide.commands.ShouldNot.execute(ShouldNot.java:14)
	at com.codeborne.selenide.commands.Commands.execute(Commands.java:163)
	at com.codeborne.selenide.impl.SelenideElementProxy.dispatchAndRetry(SelenideElementProxy.java:132)
	at com.codeborne.selenide.impl.SelenideElementProxy.invoke(SelenideElementProxy.java:84)
	at jdk.proxy3/jdk.proxy3.$Proxy28.shouldNotHave(Unknown Source)
	at skillbox.finalWork.BasketPage.verifySaleCouponTwice(BasketPage.java:35)
	at skillbox.FinalWork_Tests.useSaleCouponMoreThanOnce(FinalWork_Tests.java:208)
	at java.base/java.lang.reflect.Method.invoke(Method.java:567)
	at java.base/java.util.ArrayList.forEach(ArrayList.java:1511)
	at java.base/java.util.ArrayList.forEach(ArrayList.java:1511)
</failure>
  </testcase>
  <testcase name="Фича проверки ввода некорректных данных по скидке" classname="skillbox.FinalWork_Tests" time="8.559">
    <failure message="Element should have text &quot;450,00&quot; {.order-total bdi}&#13;&#10;Element: '&lt;bdi&gt;810,00₽&lt;/bdi&gt;'&#13;&#10;Actual value: text=&quot;810,00₽&quot;&#13;&#10;Screenshot: file:/D:/projects/Java/selenide/build/reports/tests/1708440462659.1.png&#13;&#10;Page source: file:/D:/projects/Java/selenide/build/reports/tests/1708440462659.1.html&#13;&#10;Timeout: 4 s." type="com.codeborne.selenide.ex.ElementShould">Element should have text &quot;450,00&quot; {.order-total bdi}
Element: '&lt;bdi&gt;810,00₽&lt;/bdi&gt;'
Actual value: text=&quot;810,00₽&quot;
Screenshot: file:/D:/projects/Java/selenide/build/reports/tests/1708440462659.1.png
Page source: file:/D:/projects/Java/selenide/build/reports/tests/1708440462659.1.html
Timeout: 4 s.
	at com.codeborne.selenide.impl.WebElementSource.handleError(WebElementSource.java:149)
	at com.codeborne.selenide.impl.WebElementSource.checkConditionAndReturnElement(WebElementSource.java:127)
	at com.codeborne.selenide.impl.WebElementSource.checkCondition(WebElementSource.java:104)
	at com.codeborne.selenide.commands.Should.execute(Should.java:30)
	at com.codeborne.selenide.commands.Should.execute(Should.java:14)
	at com.codeborne.selenide.commands.Commands.execute(Commands.java:163)
	at com.codeborne.selenide.impl.SelenideElementProxy.dispatchAndRetry(SelenideElementProxy.java:132)
	at com.codeborne.selenide.impl.SelenideElementProxy.invoke(SelenideElementProxy.java:84)
	at jdk.proxy3/jdk.proxy3.$Proxy28.shouldHave(Unknown Source)
	at skillbox.FinalWork_Tests.useIncorrectSaleCoupon(FinalWork_Tests.java:154)
	at java.base/java.lang.reflect.Method.invoke(Method.java:567)
	at java.base/java.util.ArrayList.forEach(ArrayList.java:1511)
	at java.base/java.util.ArrayList.forEach(ArrayList.java:1511)
</failure>
  </testcase>
  <testcase name="Добавление заказа в корзину, с последующей регистрацией пользователя" classname="skillbox.FinalWork_Tests" time="11.093">
    <failure message="Element not found {button.custom-register-button}&#13;&#10;Expected: exist&#13;&#10;Screenshot: file:/D:/projects/Java/selenide/build/reports/tests/1708440474150.2.png&#13;&#10;Page source: file:/D:/projects/Java/selenide/build/reports/tests/1708440474150.2.html&#13;&#10;Timeout: 4 s.&#13;&#10;Caused by: NoSuchElementException: Unable to locate element: button.custom-register-button" type="com.codeborne.selenide.ex.ElementNotFound">Element not found {button.custom-register-button}
Expected: exist
Screenshot: file:/D:/projects/Java/selenide/build/reports/tests/1708440474150.2.png
Page source: file:/D:/projects/Java/selenide/build/reports/tests/1708440474150.2.html
Timeout: 4 s.
Caused by: NoSuchElementException: Unable to locate element: button.custom-register-button
	at com.codeborne.selenide.impl.WebElementSource.createElementNotFoundError(WebElementSource.java:91)
	at com.codeborne.selenide.impl.ElementFinder.createElementNotFoundError(ElementFinder.java:142)
	at com.codeborne.selenide.impl.ExceptionWrapper.wrap(ExceptionWrapper.java:32)
	at com.codeborne.selenide.impl.SelenideElementProxy.dispatchAndRetry(SelenideElementProxy.java:154)
	at com.codeborne.selenide.impl.SelenideElementProxy.invoke(SelenideElementProxy.java:84)
	at jdk.proxy3/jdk.proxy3.$Proxy28.scrollTo(Unknown Source)
	at skillbox.FinalWork_Tests.orderingPizza(FinalWork_Tests.java:89)
	at java.base/java.lang.reflect.Method.invoke(Method.java:567)
	at java.base/java.util.ArrayList.forEach(ArrayList.java:1511)
	at java.base/java.util.ArrayList.forEach(ArrayList.java:1511)
Caused by: org.openqa.selenium.NoSuchElementException: Unable to locate element: button.custom-register-button
For documentation on this error, please visit: https://www.selenium.dev/documentation/webdriver/troubleshooting/errors#no-such-element-exception
Build info: version: '4.11.0', revision: '040bc5406b'
System info: os.name: 'Windows 10', os.arch: 'amd64', os.version: '10.0', java.version: '16.0.1'
Driver info: org.openqa.selenium.remote.RemoteWebDriver
Command: [0c899440-a3f9-4a35-b4e0-d522b311bbe7, findElement {using=css selector, value=button.custom-register-button}]
Capabilities {acceptInsecureCerts: true, browserName: firefox, browserVersion: 93.0, moz:accessibilityChecks: false, moz:buildID: 20210927210923, moz:debuggerAddress: localhost:36759, moz:geckodriverVersion: 0.29.1, moz:headless: false, moz:processID: 86, moz:profile: /tmp/rust_mozprofileqpNODJ, moz:shutdownTimeout: 60000, moz:useNonSpecCompliantPointerOrigin: false, moz:webdriverClick: true, pageLoadStrategy: normal, platformName: linux, platformVersion: 5.4.0-81-generic, proxy: Proxy(), setWindowRect: true, strictFileInteractability: false, timeouts: {implicit: 0, pageLoad: 300000, script: 30000}, unhandledPromptBehavior: accept}
Session ID: 0c899440-a3f9-4a35-b4e0-d522b311bbe7
	at jdk.internal.reflect.GeneratedConstructorAccessor11.newInstance(Unknown Source)
	at java.base/jdk.internal.reflect.DelegatingConstructorAccessorImpl.newInstance(DelegatingConstructorAccessorImpl.java:45)
	at java.base/java.lang.reflect.Constructor.newInstanceWithCaller(Constructor.java:499)
	at java.base/java.lang.reflect.Constructor.newInstance(Constructor.java:480)
	at org.openqa.selenium.remote.codec.w3c.W3CHttpResponseCodec.createException(W3CHttpResponseCodec.java:200)
	at org.openqa.selenium.remote.codec.w3c.W3CHttpResponseCodec.decode(W3CHttpResponseCodec.java:133)
	at org.openqa.selenium.remote.codec.w3c.W3CHttpResponseCodec.decode(W3CHttpResponseCodec.java:52)
	at org.openqa.selenium.remote.HttpCommandExecutor.execute(HttpCommandExecutor.java:191)
	at org.openqa.selenium.remote.RemoteWebDriver.execute(RemoteWebDriver.java:518)
	at org.openqa.selenium.remote.ElementLocation$ElementFinder$2.findElement(ElementLocation.java:165)
	at org.openqa.selenium.remote.ElementLocation.findElement(ElementLocation.java:59)
	at org.openqa.selenium.remote.RemoteWebDriver.findElement(RemoteWebDriver.java:355)
	at org.openqa.selenium.remote.RemoteWebDriver.findElement(RemoteWebDriver.java:349)
	at com.codeborne.selenide.impl.WebElementSelector.findElement(WebElementSelector.java:70)
	at com.codeborne.selenide.impl.WebElementSelector.findElement(WebElementSelector.java:44)
	at com.codeborne.selenide.impl.WebElementSelector.findElement(WebElementSelector.java:33)
	at com.codeborne.selenide.impl.ElementFinder.getWebElement(ElementFinder.java:122)
	at com.codeborne.selenide.commands.ScrollTo.execute(ScrollTo.java:17)
	at com.codeborne.selenide.commands.ScrollTo.execute(ScrollTo.java:12)
	at com.codeborne.selenide.commands.Commands.execute(Commands.java:163)
	at com.codeborne.selenide.impl.SelenideElementProxy.dispatchAndRetry(SelenideElementProxy.java:132)
	... 6 more
</failure>
  </testcase>
  <system-out><![CDATA[]]></system-out>
  <system-err><![CDATA[[Test worker] INFO com.codeborne.selenide.impl.WebDriverThreadLocalContainer - No webdriver is bound to current thread: 15 - let's create a new webdriver
[Test worker] INFO com.codeborne.selenide.webdriver.BrowserResizer - Set browser size to 1366x768
[Test worker] INFO com.codeborne.selenide.webdriver.WebDriverFactory - BrowserName=firefox Version=93.0 Platform=linux
[Test worker] INFO com.codeborne.selenide.webdriver.WebDriverFactory - Selenide v. 6.17.2
[Test worker] INFO com.codeborne.selenide.webdriver.WebDriverFactory - Selenium WebDriver v. 4.11.0 build revision: 040bc5406b
[Test worker] INFO com.codeborne.selenide.drivercommands.CreateDriverCommand - Created webdriver in thread 15: RemoteWebDriver -> RemoteWebDriver: firefox on linux (0c899440-a3f9-4a35-b4e0-d522b311bbe7)
[Test worker] INFO com.codeborne.selenide.drivercommands.DisposablesRegistry - Register WebDriverInstance[config=StaticConfig,webDriver=RemoteWebDriver: firefox on linux (0c899440-a3f9-4a35-b4e0-d522b311bbe7),proxy=null,downloadsFolder=null] in 15 [size=1]
[Test worker] INFO com.codeborne.selenide.drivercommands.DisposablesRegistry - Add shutdown hook in 15 [size=1]
]]></system-err>
</testsuite>
