<!DOCTYPE html>
<html>
<head>
<meta http-equiv="Content-Type" content="text/html; charset=utf-8"/>
<meta http-equiv="x-ua-compatible" content="IE=edge"/>
<title>Test results - Тест заказа пиццы, регистрация пользователя, проверки введенной информации + тест 2-х фич</title>
<link href="../css/base-style.css" rel="stylesheet" type="text/css"/>
<link href="../css/style.css" rel="stylesheet" type="text/css"/>
<script src="../js/report.js" type="text/javascript"></script>
</head>
<body>
<div id="content">
<h1>Тест заказа пиццы, регистрация пользователя, проверки введенной информации + тест 2-х фич</h1>
<div class="breadcrumbs">
<a href="../index.html">all</a> &gt; 
<a href="../packages/skillbox.html">skillbox</a> &gt; FinalWork_Tests</div>
<div id="summary">
<table>
<tr>
<td>
<div class="summaryGroup">
<table>
<tr>
<td>
<div class="infoBox" id="tests">
<div class="counter">3</div>
<p>tests</p>
</div>
</td>
<td>
<div class="infoBox" id="failures">
<div class="counter">3</div>
<p>failures</p>
</div>
</td>
<td>
<div class="infoBox" id="ignored">
<div class="counter">0</div>
<p>ignored</p>
</div>
</td>
<td>
<div class="infoBox" id="duration">
<div class="counter">48.031s</div>
<p>duration</p>
</div>
</td>
</tr>
</table>
</div>
</td>
<td>
<div class="infoBox failures" id="successRate">
<div class="percent">0%</div>
<p>successful</p>
</div>
</td>
</tr>
</table>
</div>
<div id="tabs">
<ul class="tabLinks">
<li>
<a href="#tab0">Failed tests</a>
</li>
<li>
<a href="#tab1">Tests</a>
</li>
<li>
<a href="#tab2">Standard error</a>
</li>
</ul>
<div id="tab0" class="tab">
<h2>Failed tests</h2>
<div class="test">
<a name="orderingPizza()"></a>
<h3 class="failures">Добавление заказа в корзину, с последующей регистрацией пользователя</h3>
<span class="code">
<pre>Element not found {button.custom-register-button}
Expected: exist
Screenshot: file:/D:/projects/Java/selenide/build/reports/tests/1708440474150.2.png
Page source: file:/D:/projects/Java/selenide/build/reports/tests/1708440474150.2.html
Timeout: 4 s.
Caused by: NoSuchElementException: Unable to locate element: button.custom-register-button
	at com.codeborne.selenide.impl.WebElementSource.createElementNotFoundError(WebElementSource.java:91)
	at com.codeborne.selenide.impl.ElementFinder.createElementNotFoundError(ElementFinder.java:142)
	at com.codeborne.selenide.impl.ExceptionWrapper.wrap(ExceptionWrapper.java:32)
	at com.codeborne.selenide.impl.SelenideElementProxy.dispatchAndRetry(SelenideElementProxy.java:154)
	at com.codeborne.selenide.impl.SelenideElementProxy.invoke(SelenideElementProxy.java:84)
	at jdk.proxy3/jdk.proxy3.$Proxy28.scrollTo(Unknown Source)
	at skillbox.FinalWork_Tests.orderingPizza(FinalWork_Tests.java:89)
	at java.base/java.lang.reflect.Method.invoke(Method.java:567)
	at java.base/java.util.ArrayList.forEach(ArrayList.java:1511)
	at java.base/java.util.ArrayList.forEach(ArrayList.java:1511)
Caused by: org.openqa.selenium.NoSuchElementException: Unable to locate element: button.custom-register-button
For documentation on this error, please visit: https://www.selenium.dev/documentation/webdriver/troubleshooting/errors#no-such-element-exception
Build info: version: '4.11.0', revision: '040bc5406b'
System info: os.name: 'Windows 10', os.arch: 'amd64', os.version: '10.0', java.version: '16.0.1'
Driver info: org.openqa.selenium.remote.RemoteWebDriver
Command: [0c899440-a3f9-4a35-b4e0-d522b311bbe7, findElement {using=css selector, value=button.custom-register-button}]
Capabilities {acceptInsecureCerts: true, browserName: firefox, browserVersion: 93.0, moz:accessibilityChecks: false, moz:buildID: 20210927210923, moz:debuggerAddress: localhost:36759, moz:geckodriverVersion: 0.29.1, moz:headless: false, moz:processID: 86, moz:profile: /tmp/rust_mozprofileqpNODJ, moz:shutdownTimeout: 60000, moz:useNonSpecCompliantPointerOrigin: false, moz:webdriverClick: true, pageLoadStrategy: normal, platformName: linux, platformVersion: 5.4.0-81-generic, proxy: Proxy(), setWindowRect: true, strictFileInteractability: false, timeouts: {implicit: 0, pageLoad: 300000, script: 30000}, unhandledPromptBehavior: accept}
Session ID: 0c899440-a3f9-4a35-b4e0-d522b311bbe7
	at jdk.internal.reflect.GeneratedConstructorAccessor11.newInstance(Unknown Source)
	at java.base/jdk.internal.reflect.DelegatingConstructorAccessorImpl.newInstance(DelegatingConstructorAccessorImpl.java:45)
	at java.base/java.lang.reflect.Constructor.newInstanceWithCaller(Constructor.java:499)
	at java.base/java.lang.reflect.Constructor.newInstance(Constructor.java:480)
	at org.openqa.selenium.remote.codec.w3c.W3CHttpResponseCodec.createException(W3CHttpResponseCodec.java:200)
	at org.openqa.selenium.remote.codec.w3c.W3CHttpResponseCodec.decode(W3CHttpResponseCodec.java:133)
	at org.openqa.selenium.remote.codec.w3c.W3CHttpResponseCodec.decode(W3CHttpResponseCodec.java:52)
	at org.openqa.selenium.remote.HttpCommandExecutor.execute(HttpCommandExecutor.java:191)
	at org.openqa.selenium.remote.RemoteWebDriver.execute(RemoteWebDriver.java:518)
	at org.openqa.selenium.remote.ElementLocation$ElementFinder$2.findElement(ElementLocation.java:165)
	at org.openqa.selenium.remote.ElementLocation.findElement(ElementLocation.java:59)
	at org.openqa.selenium.remote.RemoteWebDriver.findElement(RemoteWebDriver.java:355)
	at org.openqa.selenium.remote.RemoteWebDriver.findElement(RemoteWebDriver.java:349)
	at com.codeborne.selenide.impl.WebElementSelector.findElement(WebElementSelector.java:70)
	at com.codeborne.selenide.impl.WebElementSelector.findElement(WebElementSelector.java:44)
	at com.codeborne.selenide.impl.WebElementSelector.findElement(WebElementSelector.java:33)
	at com.codeborne.selenide.impl.ElementFinder.getWebElement(ElementFinder.java:122)
	at com.codeborne.selenide.commands.ScrollTo.execute(ScrollTo.java:17)
	at com.codeborne.selenide.commands.ScrollTo.execute(ScrollTo.java:12)
	at com.codeborne.selenide.commands.Commands.execute(Commands.java:163)
	at com.codeborne.selenide.impl.SelenideElementProxy.dispatchAndRetry(SelenideElementProxy.java:132)
	... 6 more
</pre>
</span>
</div>
<div class="test">
<a name="useIncorrectSaleCoupon()"></a>
<h3 class="failures">Фича проверки ввода некорректных данных по скидке</h3>
<span class="code">
<pre>Element should have text &quot;450,00&quot; {.order-total bdi}
Element: '&lt;bdi&gt;810,00₽&lt;/bdi&gt;'
Actual value: text=&quot;810,00₽&quot;
Screenshot: file:/D:/projects/Java/selenide/build/reports/tests/1708440462659.1.png
Page source: file:/D:/projects/Java/selenide/build/reports/tests/1708440462659.1.html
Timeout: 4 s.
	at com.codeborne.selenide.impl.WebElementSource.handleError(WebElementSource.java:149)
	at com.codeborne.selenide.impl.WebElementSource.checkConditionAndReturnElement(WebElementSource.java:127)
	at com.codeborne.selenide.impl.WebElementSource.checkCondition(WebElementSource.java:104)
	at com.codeborne.selenide.commands.Should.execute(Should.java:30)
	at com.codeborne.selenide.commands.Should.execute(Should.java:14)
	at com.codeborne.selenide.commands.Commands.execute(Commands.java:163)
	at com.codeborne.selenide.impl.SelenideElementProxy.dispatchAndRetry(SelenideElementProxy.java:132)
	at com.codeborne.selenide.impl.SelenideElementProxy.invoke(SelenideElementProxy.java:84)
	at jdk.proxy3/jdk.proxy3.$Proxy28.shouldHave(Unknown Source)
	at skillbox.FinalWork_Tests.useIncorrectSaleCoupon(FinalWork_Tests.java:154)
	at java.base/java.lang.reflect.Method.invoke(Method.java:567)
	at java.base/java.util.ArrayList.forEach(ArrayList.java:1511)
	at java.base/java.util.ArrayList.forEach(ArrayList.java:1511)
</pre>
</span>
</div>
<div class="test">
<a name="useSaleCouponMoreThanOnce()"></a>
<h3 class="failures">Фича проверки ввода данных скидочного купона несколько раз</h3>
<span class="code">
<pre>Element should not have text &quot;45,00₽&quot; {.cart-discount.coupon-givemehalyava .woocommerce-Price-amount.amount}
Element: '&lt;span class=&quot;woocommerce-Price-amount amount&quot;&gt;45,00₽&lt;/span&gt;'
Actual value: text=&quot;45,00₽&quot;
Screenshot: file:/D:/projects/Java/selenide/build/reports/tests/1708440454190.0.png
Page source: file:/D:/projects/Java/selenide/build/reports/tests/1708440454190.0.html
Timeout: 4 s.
	at com.codeborne.selenide.impl.WebElementSource.handleError(WebElementSource.java:146)
	at com.codeborne.selenide.impl.WebElementSource.checkConditionAndReturnElement(WebElementSource.java:127)
	at com.codeborne.selenide.impl.WebElementSource.checkCondition(WebElementSource.java:104)
	at com.codeborne.selenide.commands.ShouldNot.execute(ShouldNot.java:30)
	at com.codeborne.selenide.commands.ShouldNot.execute(ShouldNot.java:14)
	at com.codeborne.selenide.commands.Commands.execute(Commands.java:163)
	at com.codeborne.selenide.impl.SelenideElementProxy.dispatchAndRetry(SelenideElementProxy.java:132)
	at com.codeborne.selenide.impl.SelenideElementProxy.invoke(SelenideElementProxy.java:84)
	at jdk.proxy3/jdk.proxy3.$Proxy28.shouldNotHave(Unknown Source)
	at skillbox.finalWork.BasketPage.verifySaleCouponTwice(BasketPage.java:35)
	at skillbox.FinalWork_Tests.useSaleCouponMoreThanOnce(FinalWork_Tests.java:208)
	at java.base/java.lang.reflect.Method.invoke(Method.java:567)
	at java.base/java.util.ArrayList.forEach(ArrayList.java:1511)
	at java.base/java.util.ArrayList.forEach(ArrayList.java:1511)
</pre>
</span>
</div>
</div>
<div id="tab1" class="tab">
<h2>Tests</h2>
<table>
<thead>
<tr>
<th>Test</th>
<th>Method name</th>
<th>Duration</th>
<th>Result</th>
</tr>
</thead>
<tr>
<td class="failures">Добавление заказа в корзину, с последующей регистрацией пользователя</td>
<td class="failures">orderingPizza()</td>
<td class="failures">11.093s</td>
<td class="failures">failed</td>
</tr>
<tr>
<td class="failures">Фича проверки ввода некорректных данных по скидке</td>
<td class="failures">useIncorrectSaleCoupon()</td>
<td class="failures">8.559s</td>
<td class="failures">failed</td>
</tr>
<tr>
<td class="failures">Фича проверки ввода данных скидочного купона несколько раз</td>
<td class="failures">useSaleCouponMoreThanOnce()</td>
<td class="failures">28.379s</td>
<td class="failures">failed</td>
</tr>
</table>
</div>
<div id="tab2" class="tab">
<h2>Standard error</h2>
<span class="code">
<pre>[Test worker] INFO com.codeborne.selenide.impl.WebDriverThreadLocalContainer - No webdriver is bound to current thread: 15 - let's create a new webdriver
[Test worker] INFO com.codeborne.selenide.webdriver.BrowserResizer - Set browser size to 1366x768
[Test worker] INFO com.codeborne.selenide.webdriver.WebDriverFactory - BrowserName=firefox Version=93.0 Platform=linux
[Test worker] INFO com.codeborne.selenide.webdriver.WebDriverFactory - Selenide v. 6.17.2
[Test worker] INFO com.codeborne.selenide.webdriver.WebDriverFactory - Selenium WebDriver v. 4.11.0 build revision: 040bc5406b
[Test worker] INFO com.codeborne.selenide.drivercommands.CreateDriverCommand - Created webdriver in thread 15: RemoteWebDriver -&gt; RemoteWebDriver: firefox on linux (0c899440-a3f9-4a35-b4e0-d522b311bbe7)
[Test worker] INFO com.codeborne.selenide.drivercommands.DisposablesRegistry - Register WebDriverInstance[config=StaticConfig,webDriver=RemoteWebDriver: firefox on linux (0c899440-a3f9-4a35-b4e0-d522b311bbe7),proxy=null,downloadsFolder=null] in 15 [size=1]
[Test worker] INFO com.codeborne.selenide.drivercommands.DisposablesRegistry - Add shutdown hook in 15 [size=1]
</pre>
</span>
</div>
</div>
<div id="footer">
<p>
<div>
<label class="hidden" id="label-for-line-wrapping-toggle" for="line-wrapping-toggle">Wrap lines
<input id="line-wrapping-toggle" type="checkbox" autocomplete="off"/>
</label>
</div>Generated by 
<a href="http://www.gradle.org">Gradle 7.1.1</a> at 20 февр. 2024 г., 17:47:56</p>
</div>
</div>
</body>
</html>
